<?xml version="1.0" encoding="UTF-8"?>
<testsuite xmlns:xsi="http://www.w3.org/2001/XMLSchema-instance" xsi:noNamespaceSchemaLocation="https://maven.apache.org/surefire/maven-surefire-plugin/xsd/surefire-test-report-3.0.xsd" version="3.0" name="com.minimartpos.service.AuthServiceTest" time="4.355" tests="6" errors="0" skipped="0" failures="0">
  <properties>
[...]
</properties>
  <testcase name="verifyPassword_correctPassword_returnsTrue" classname="com.minimartpos.service.AuthServiceTest" time="1.01"/>
  <testcase name="getPasswordStrength_shortPassword_returnsWeak" classname="com.minimartpos.service.AuthServiceTest" time="0.004"/>
  <testcase name="verifyPassword_wrongPassword_returnsFalse" classname="com.minimartpos.service.AuthServiceTest" time="0.683"/>
  <testcase name="hashPassword_shouldProduceBCryptHash" classname="com.minimartpos.service.AuthServiceTest" time="0.31"/>
  <testcase name="hashPassword_sameInput_producesDistinctHashes" classname="com.minimartpos.service.AuthServiceTest" time="1.695"/>
  <testcase name="getPasswordStrength_strongPassword_returnsStrong" classname="com.minimartpos.service.AuthServiceTest" time="0.002"/>
</testsuite>